1         Threads
2         Connections per thread
80        Seconds


ALL STATS
========================================================================
Type        Ops/sec     Hits/sec   Misses/sec      Latency       KB/sec 
------------------------------------------------------------------------
Sets         460.21          ---          ---      2.52900      1858.97 
Gets         460.21       459.42         0.79      1.79900      1860.92 
Waits          0.00          ---          ---      0.00000          --- 
Totals       920.41       459.42         0.79      2.16400      3719.89 


Request Latency Distribution
Type     <= msec         Percent
------------------------------------------------------------------------
SET       1.100         0.01
SET       1.200         0.30
SET       1.300         2.17
SET       1.400         7.24
SET       1.500        15.66
SET       1.600        26.07
SET       1.700        37.13
SET       1.800        47.22
SET       1.900        55.54
SET       2.000        62.07
SET       2.100        67.12
SET       2.200        71.14
SET       2.300        74.22
SET       2.400        76.60
SET       2.500        78.44
SET       2.600        80.15
SET       2.700        81.51
SET       2.800        82.74
SET       2.900        83.77
SET       3.000        84.59
SET       3.100        85.37
SET       3.200        86.13
SET       3.300        86.76
SET       3.400        87.31
SET       3.500        87.82
SET       3.600        88.35
SET       3.700        88.76
SET       3.800        89.17
SET       3.900        89.54
SET       4.000        89.92
SET       4.100        90.22
SET       4.200        90.49
SET       4.300        90.83
SET       4.400        91.14
SET       4.500        91.43
SET       4.600        91.75
SET       4.700        92.00
SET       4.800        92.26
SET       4.900        92.54
SET       5.000        92.82
SET       5.100        93.07
SET       5.200        93.32
SET       5.300        93.52
SET       5.400        93.73
SET       5.500        93.94
SET       5.600        94.16
SET       5.700        94.37
SET       5.800        94.57
SET       5.900        94.74
SET       6.000        94.93
SET       6.100        95.11
SET       6.200        95.30
SET       6.300        95.52
SET       6.400        95.70
SET       6.500        95.86
SET       6.600        96.03
SET       6.700        96.23
SET       6.800        96.41
SET       6.900        96.59
SET       7.000        96.76
SET       7.100        96.97
SET       7.200        97.16
SET       7.300        97.32
SET       7.400        97.46
SET       7.500        97.59
SET       7.600        97.72
SET       7.700        97.84
SET       7.800        97.96
SET       7.900        98.07
SET       8.000        98.17
SET       8.100        98.23
SET       8.200        98.30
SET       8.300        98.38
SET       8.400        98.48
SET       8.500        98.55
SET       8.600        98.61
SET       8.700        98.65
SET       8.800        98.72
SET       8.900        98.77
SET       9.000        98.82
SET       9.100        98.86
SET       9.200        98.89
SET       9.300        98.93
SET       9.400        98.97
SET       9.500        99.00
SET       9.600        99.02
SET       9.700        99.04
SET       9.800        99.07
SET       9.900        99.10
SET      10.000        99.19
SET      11.000        99.32
SET      12.000        99.38
SET      13.000        99.42
SET      14.000        99.48
SET      15.000        99.51
SET      16.000        99.56
SET      17.000        99.61
SET      18.000        99.70
SET      19.000        99.76
SET      20.000        99.81
SET      21.000        99.83
SET      22.000        99.83
SET      23.000        99.84
SET      24.000        99.86
SET      25.000        99.89
SET      26.000        99.90
SET      27.000        99.92
SET      28.000        99.93
SET      29.000        99.94
SET      30.000        99.95
SET      34.000        99.95
SET      38.000        99.95
SET      39.000        99.96
SET      40.000        99.96
SET      43.000        99.96
SET      45.000        99.96
SET      47.000        99.97
SET      49.000        99.98
SET     180.000        99.98
SET     210.000       100.00
---
GET       0.750         0.00
GET       0.770         0.01
GET       0.780         0.02
GET       0.790         0.03
GET       0.800         0.05
GET       0.810         0.08
GET       0.820         0.10
GET       0.830         0.12
GET       0.840         0.16
GET       0.850         0.22
GET       0.860         0.29
GET       0.870         0.38
GET       0.880         0.49
GET       0.890         0.60
GET       0.900         0.75
GET       0.910         0.91
GET       0.920         1.10
GET       0.930         1.32
GET       0.940         1.59
GET       0.950         1.86
GET       0.960         2.17
GET       0.970         2.51
GET       0.980         2.88
GET       0.990         3.27
GET       1.000         6.31
GET       1.100        13.45
GET       1.200        23.11
GET       1.300        34.41
GET       1.400        45.79
GET       1.500        56.61
GET       1.600        65.53
GET       1.700        72.45
GET       1.800        77.51
GET       1.900        81.31
GET       2.000        84.02
GET       2.100        86.29
GET       2.200        87.81
GET       2.300        89.02
GET       2.400        89.98
GET       2.500        90.80
GET       2.600        91.49
GET       2.700        92.12
GET       2.800        92.69
GET       2.900        93.13
GET       3.000        93.51
GET       3.100        93.86
GET       3.200        94.15
GET       3.300        94.41
GET       3.400        94.70
GET       3.500        94.94
GET       3.600        95.10
GET       3.700        95.29
GET       3.800        95.47
GET       3.900        95.61
GET       4.000        95.76
GET       4.100        95.90
GET       4.200        96.06
GET       4.300        96.19
GET       4.400        96.33
GET       4.500        96.44
GET       4.600        96.52
GET       4.700        96.63
GET       4.800        96.74
GET       4.900        96.85
GET       5.000        96.94
GET       5.100        97.07
GET       5.200        97.17
GET       5.300        97.25
GET       5.400        97.33
GET       5.500        97.43
GET       5.600        97.49
GET       5.700        97.59
GET       5.800        97.70
GET       5.900        97.81
GET       6.000        97.92
GET       6.100        98.01
GET       6.200        98.13
GET       6.300        98.21
GET       6.400        98.32
GET       6.500        98.43
GET       6.600        98.50
GET       6.700        98.59
GET       6.800        98.70
GET       6.900        98.80
GET       7.000        98.90
GET       7.100        98.97
GET       7.200        99.05
GET       7.300        99.12
GET       7.400        99.16
GET       7.500        99.19
GET       7.600        99.23
GET       7.700        99.27
GET       7.800        99.29
GET       7.900        99.31
GET       8.000        99.36
GET       8.100        99.38
GET       8.200        99.39
GET       8.300        99.42
GET       8.400        99.43
GET       8.500        99.44
GET       8.600        99.45
GET       8.700        99.46
GET       8.800        99.48
GET       8.900        99.50
GET       9.000        99.52
GET       9.100        99.54
GET       9.200        99.55
GET       9.300        99.58
GET       9.400        99.60
GET       9.500        99.62
GET       9.600        99.63
GET       9.700        99.65
GET       9.800        99.67
GET       9.900        99.68
GET      10.000        99.74
GET      11.000        99.78
GET      12.000        99.80
GET      13.000        99.81
GET      14.000        99.83
GET      15.000        99.84
GET      16.000        99.85
GET      17.000        99.88
GET      18.000        99.89
GET      19.000        99.90
GET      20.000        99.92
GET      21.000        99.95
GET      22.000        99.96
GET      23.000        99.96
GET      25.000        99.97
GET      26.000        99.97
GET      27.000        99.98
GET      29.000        99.98
GET      33.000        99.99
GET      39.000        99.99
GET      40.000        99.99
GET      47.000       100.00
GET     180.000       100.00
---
