1         Threads
2         Connections per thread
80        Seconds


ALL STATS
========================================================================
Type        Ops/sec     Hits/sec   Misses/sec      Latency       KB/sec 
------------------------------------------------------------------------
Sets         226.98          ---          ---      4.29700       916.87 
Gets         226.97      1359.88         1.92      4.49600      5497.24 
Waits          0.00          ---          ---      0.00000          --- 
Totals       453.95      1359.88         1.92      4.39600      6414.11 


Request Latency Distribution
Type     <= msec         Percent
------------------------------------------------------------------------
SET       1.300         0.01
SET       1.400         0.01
SET       1.500         0.22
SET       1.600         0.97
SET       1.700         2.95
SET       1.800         6.30
SET       1.900        10.91
SET       2.000        16.72
SET       2.100        22.58
SET       2.200        28.15
SET       2.300        33.32
SET       2.400        37.85
SET       2.500        42.01
SET       2.600        45.86
SET       2.700        48.93
SET       2.800        51.42
SET       2.900        53.82
SET       3.000        56.02
SET       3.100        57.87
SET       3.200        59.38
SET       3.300        60.82
SET       3.400        61.85
SET       3.500        63.01
SET       3.600        63.90
SET       3.700        64.80
SET       3.800        65.49
SET       3.900        66.19
SET       4.000        66.80
SET       4.100        67.39
SET       4.200        67.96
SET       4.300        68.45
SET       4.400        69.07
SET       4.500        69.65
SET       4.600        70.14
SET       4.700        70.60
SET       4.800        71.16
SET       4.900        71.64
SET       5.000        72.09
SET       5.100        72.56
SET       5.200        73.12
SET       5.300        73.59
SET       5.400        74.12
SET       5.500        74.61
SET       5.600        75.11
SET       5.700        75.68
SET       5.800        76.12
SET       5.900        76.53
SET       6.000        76.99
SET       6.100        77.57
SET       6.200        78.15
SET       6.300        78.71
SET       6.400        79.23
SET       6.500        79.72
SET       6.600        80.14
SET       6.700        80.61
SET       6.800        81.18
SET       6.900        81.68
SET       7.000        82.23
SET       7.100        82.87
SET       7.200        83.44
SET       7.300        84.01
SET       7.400        84.53
SET       7.500        85.05
SET       7.600        85.54
SET       7.700        86.04
SET       7.800        86.46
SET       7.900        86.90
SET       8.000        87.33
SET       8.100        87.72
SET       8.200        88.15
SET       8.300        88.61
SET       8.400        89.07
SET       8.500        89.41
SET       8.600        89.69
SET       8.700        90.15
SET       8.800        90.65
SET       8.900        90.97
SET       9.000        91.35
SET       9.100        91.67
SET       9.200        91.92
SET       9.300        92.27
SET       9.400        92.63
SET       9.500        92.93
SET       9.600        93.20
SET       9.700        93.42
SET       9.800        93.69
SET       9.900        93.88
SET      10.000        94.98
SET      11.000        96.45
SET      12.000        97.59
SET      13.000        98.47
SET      14.000        98.83
SET      15.000        99.05
SET      16.000        99.18
SET      17.000        99.31
SET      18.000        99.43
SET      19.000        99.50
SET      20.000        99.55
SET      21.000        99.65
SET      22.000        99.65
SET      23.000        99.68
SET      24.000        99.71
SET      25.000        99.77
SET      26.000        99.80
SET      27.000        99.82
SET      28.000        99.84
SET      29.000        99.87
SET      30.000        99.90
SET      31.000        99.91
SET      32.000        99.92
SET      33.000        99.93
SET      34.000        99.94
SET      37.000        99.96
SET      38.000        99.96
SET      40.000        99.97
SET      42.000        99.97
SET      43.000        99.98
SET      46.000        99.98
SET      50.000        99.99
SET     170.000       100.00
---
GET       1.400         0.01
GET       1.500         0.05
GET       1.600         0.18
GET       1.700         0.54
GET       1.800         1.10
GET       1.900         2.37
GET       2.000         4.04
GET       2.100         6.29
GET       2.200         9.31
GET       2.300        12.58
GET       2.400        16.76
GET       2.500        21.09
GET       2.600        25.35
GET       2.700        29.82
GET       2.800        34.25
GET       2.900        38.94
GET       3.000        43.09
GET       3.100        46.97
GET       3.200        50.70
GET       3.300        53.88
GET       3.400        56.79
GET       3.500        59.59
GET       3.600        62.17
GET       3.700        64.36
GET       3.800        66.26
GET       3.900        67.96
GET       4.000        69.52
GET       4.100        70.97
GET       4.200        72.17
GET       4.300        73.36
GET       4.400        74.37
GET       4.500        75.38
GET       4.600        76.16
GET       4.700        76.89
GET       4.800        77.53
GET       4.900        78.17
GET       5.000        78.65
GET       5.100        79.10
GET       5.200        79.50
GET       5.300        79.87
GET       5.400        80.19
GET       5.500        80.53
GET       5.600        80.86
GET       5.700        81.21
GET       5.800        81.52
GET       5.900        81.85
GET       6.000        82.11
GET       6.100        82.44
GET       6.200        82.70
GET       6.300        82.94
GET       6.400        83.23
GET       6.500        83.58
GET       6.600        83.91
GET       6.700        84.14
GET       6.800        84.43
GET       6.900        84.73
GET       7.000        84.97
GET       7.100        85.20
GET       7.200        85.42
GET       7.300        85.65
GET       7.400        85.91
GET       7.500        86.07
GET       7.600        86.28
GET       7.700        86.50
GET       7.800        86.72
GET       7.900        86.94
GET       8.000        87.17
GET       8.100        87.36
GET       8.200        87.55
GET       8.300        87.76
GET       8.400        88.01
GET       8.500        88.28
GET       8.600        88.43
GET       8.700        88.62
GET       8.800        88.81
GET       8.900        88.97
GET       9.000        89.14
GET       9.100        89.40
GET       9.200        89.62
GET       9.300        89.83
GET       9.400        90.01
GET       9.500        90.22
GET       9.600        90.47
GET       9.700        90.70
GET       9.800        90.92
GET       9.900        91.08
GET      10.000        92.33
GET      11.000        94.70
GET      12.000        96.82
GET      13.000        98.28
GET      14.000        98.97
GET      15.000        99.24
GET      16.000        99.45
GET      17.000        99.53
GET      18.000        99.58
GET      19.000        99.61
GET      20.000        99.66
GET      21.000        99.70
GET      22.000        99.76
GET      23.000        99.81
GET      24.000        99.85
GET      25.000        99.85
GET      26.000        99.86
GET      27.000        99.87
GET      28.000        99.90
GET      29.000        99.91
GET      30.000        99.92
GET      31.000        99.93
GET      32.000        99.94
GET      41.000        99.94
GET      46.000        99.95
GET      54.000        99.96
GET      65.000        99.97
GET      68.000        99.97
GET     170.000        99.98
GET     220.000        99.99
GET     250.000       100.00
---
