1         Threads
32        Connections per thread
80        Seconds


ALL STATS
========================================================================
Type        Ops/sec     Hits/sec   Misses/sec      Latency       KB/sec 
------------------------------------------------------------------------
Sets        2559.76          ---          ---     12.49700     10340.02 
Gets           0.00         0.00         0.00      0.00000         0.00 
Waits          0.00          ---          ---      0.00000          --- 
Totals      2559.76         0.00         0.00     12.49700     10340.02 


Request Latency Distribution
Type     <= msec         Percent
------------------------------------------------------------------------
SET       0.850         0.00
SET       0.900         0.00
SET       0.910         0.00
SET       0.920         0.00
SET       0.940         0.00
SET       0.950         0.00
SET       0.970         0.00
SET       0.980         0.01
SET       0.990         0.01
SET       1.000         0.01
SET       1.100         0.03
SET       1.200         0.08
SET       1.300         0.17
SET       1.400         0.27
SET       1.500         0.40
SET       1.600         0.58
SET       1.700         0.76
SET       1.800         0.95
SET       1.900         1.14
SET       2.000         1.35
SET       2.100         1.53
SET       2.200         1.72
SET       2.300         1.93
SET       2.400         2.14
SET       2.500         2.36
SET       2.600         2.60
SET       2.700         2.84
SET       2.800         3.08
SET       2.900         3.32
SET       3.000         3.56
SET       3.100         3.81
SET       3.200         4.03
SET       3.300         4.24
SET       3.400         4.42
SET       3.500         4.59
SET       3.600         4.74
SET       3.700         4.88
SET       3.800         5.00
SET       3.900         5.14
SET       4.000         5.25
SET       4.100         5.36
SET       4.200         5.46
SET       4.300         5.56
SET       4.400         5.67
SET       4.500         5.78
SET       4.600         5.89
SET       4.700         6.01
SET       4.800         6.11
SET       4.900         6.23
SET       5.000         6.33
SET       5.100         6.43
SET       5.200         6.51
SET       5.300         6.60
SET       5.400         6.69
SET       5.500         6.77
SET       5.600         6.87
SET       5.700         6.98
SET       5.800         7.09
SET       5.900         7.19
SET       6.000         7.29
SET       6.100         7.40
SET       6.200         7.51
SET       6.300         7.62
SET       6.400         7.73
SET       6.500         7.85
SET       6.600         8.00
SET       6.700         8.13
SET       6.800         8.26
SET       6.900         8.41
SET       7.000         8.54
SET       7.100         8.71
SET       7.200         8.88
SET       7.300         9.06
SET       7.400         9.24
SET       7.500         9.44
SET       7.600         9.64
SET       7.700         9.87
SET       7.800        10.11
SET       7.900        10.40
SET       8.000        10.70
SET       8.100        11.02
SET       8.200        11.35
SET       8.300        11.73
SET       8.400        12.14
SET       8.500        12.59
SET       8.600        13.09
SET       8.700        13.63
SET       8.800        14.24
SET       8.900        14.90
SET       9.000        15.66
SET       9.100        16.49
SET       9.200        17.42
SET       9.300        18.41
SET       9.400        19.55
SET       9.500        20.88
SET       9.600        22.42
SET       9.700        24.12
SET       9.800        26.02
SET       9.900        28.17
SET      10.000        44.05
SET      11.000        69.36
SET      12.000        80.00
SET      13.000        85.07
SET      14.000        87.45
SET      15.000        88.80
SET      16.000        89.92
SET      17.000        91.40
SET      18.000        93.65
SET      19.000        95.70
SET      20.000        97.13
SET      21.000        98.04
SET      22.000        98.46
SET      23.000        98.70
SET      24.000        98.82
SET      25.000        98.89
SET      26.000        98.96
SET      27.000        99.03
SET      28.000        99.08
SET      29.000        99.16
SET      30.000        99.21
SET      31.000        99.23
SET      32.000        99.24
SET      33.000        99.26
SET      34.000        99.28
SET      35.000        99.29
SET      36.000        99.30
SET      37.000        99.31
SET      38.000        99.32
SET      39.000        99.33
SET      40.000        99.33
SET      41.000        99.34
SET      42.000        99.34
SET      43.000        99.35
SET      44.000        99.35
SET      45.000        99.36
SET      46.000        99.37
SET      47.000        99.37
SET      48.000        99.38
SET      49.000        99.38
SET      50.000        99.39
SET      51.000        99.39
SET      52.000        99.39
SET      53.000        99.40
SET      54.000        99.40
SET      55.000        99.41
SET      56.000        99.42
SET      57.000        99.42
SET      58.000        99.42
SET      59.000        99.43
SET      60.000        99.43
SET      61.000        99.43
SET      62.000        99.44
SET      63.000        99.44
SET      64.000        99.44
SET      65.000        99.44
SET      66.000        99.44
SET      68.000        99.45
SET      69.000        99.45
SET      70.000        99.45
SET      71.000        99.45
SET      72.000        99.46
SET      73.000        99.46
SET      75.000        99.47
SET      76.000        99.47
SET      77.000        99.48
SET      78.000        99.48
SET      79.000        99.48
SET      80.000        99.48
SET      81.000        99.48
SET      82.000        99.48
SET      83.000        99.49
SET      84.000        99.49
SET      85.000        99.50
SET      86.000        99.51
SET      87.000        99.51
SET      88.000        99.52
SET      89.000        99.53
SET      90.000        99.54
SET      91.000        99.54
SET      92.000        99.54
SET      93.000        99.55
SET      94.000        99.56
SET      95.000        99.57
SET      96.000        99.57
SET      97.000        99.58
SET      98.000        99.59
SET      99.000        99.59
SET     100.000        99.60
SET     110.000        99.62
SET     120.000        99.66
SET     130.000        99.67
SET     140.000        99.68
SET     150.000        99.69
SET     160.000        99.72
SET     170.000        99.76
SET     180.000        99.78
SET     190.000        99.80
SET     200.000        99.80
SET     210.000        99.81
SET     220.000        99.82
SET     230.000        99.82
SET     240.000        99.82
SET     250.000        99.83
SET     260.000        99.83
SET     270.000        99.83
SET     280.000        99.83
SET     290.000        99.83
SET     300.000        99.84
SET     310.000        99.84
SET     320.000        99.84
SET     330.000        99.84
SET     340.000        99.84
SET     350.000        99.85
SET     360.000        99.85
SET     370.000        99.85
SET     380.000        99.86
SET     390.000        99.86
SET     400.000        99.86
SET     410.000        99.86
SET     420.000        99.87
SET     430.000        99.88
SET     440.000        99.89
SET     450.000        99.89
SET     460.000        99.89
SET     470.000        99.90
SET     480.000        99.92
SET     510.000        99.92
SET     520.000        99.94
SET     530.000        99.94
SET     540.000        99.95
SET     550.000        99.95
SET     560.000        99.95
SET     570.000        99.95
SET     580.000        99.96
SET     590.000        99.96
SET     600.000        99.97
SET     610.000        99.97
SET     640.000        99.97
SET     650.000        99.98
SET     680.000        99.98
SET     690.000        99.98
SET     710.000        99.98
SET     720.000        99.98
SET     740.000        99.98
SET     860.000        99.98
SET     910.000        99.99
SET     920.000        99.99
SET    1000.000        99.99
SET    1300.000        99.99
SET    1400.000       100.00
SET    1600.000       100.00
---
---
