1         Threads
32        Connections per thread
80        Seconds


ALL STATS
========================================================================
Type        Ops/sec     Hits/sec   Misses/sec      Latency       KB/sec 
------------------------------------------------------------------------
Sets           0.00          ---          ---      0.00000         0.00 
Gets        1407.62      1379.88        27.74     22.75800      5589.90 
Waits          0.00          ---          ---      0.00000          --- 
Totals      1407.62      1379.88        27.74     22.75800      5589.90 


Request Latency Distribution
Type     <= msec         Percent
------------------------------------------------------------------------
---
GET       1.600         0.00
GET       1.700         0.01
GET       1.800         0.02
GET       1.900         0.03
GET       2.000         0.05
GET       2.100         0.08
GET       2.200         0.12
GET       2.300         0.17
GET       2.400         0.20
GET       2.500         0.26
GET       2.600         0.33
GET       2.700         0.41
GET       2.800         0.50
GET       2.900         0.61
GET       3.000         0.70
GET       3.100         0.81
GET       3.200         0.93
GET       3.300         1.04
GET       3.400         1.16
GET       3.500         1.31
GET       3.600         1.46
GET       3.700         1.61
GET       3.800         1.76
GET       3.900         1.89
GET       4.000         2.03
GET       4.100         2.16
GET       4.200         2.31
GET       4.300         2.44
GET       4.400         2.57
GET       4.500         2.69
GET       4.600         2.82
GET       4.700         2.92
GET       4.800         3.05
GET       4.900         3.16
GET       5.000         3.29
GET       5.100         3.43
GET       5.200         3.54
GET       5.300         3.65
GET       5.400         3.78
GET       5.500         3.91
GET       5.600         4.04
GET       5.700         4.16
GET       5.800         4.29
GET       5.900         4.41
GET       6.000         4.55
GET       6.100         4.70
GET       6.200         4.85
GET       6.300         4.98
GET       6.400         5.12
GET       6.500         5.27
GET       6.600         5.39
GET       6.700         5.53
GET       6.800         5.66
GET       6.900         5.80
GET       7.000         5.93
GET       7.100         6.08
GET       7.200         6.20
GET       7.300         6.34
GET       7.400         6.46
GET       7.500         6.58
GET       7.600         6.70
GET       7.700         6.83
GET       7.800         6.95
GET       7.900         7.05
GET       8.000         7.16
GET       8.100         7.26
GET       8.200         7.36
GET       8.300         7.47
GET       8.400         7.56
GET       8.500         7.66
GET       8.600         7.75
GET       8.700         7.84
GET       8.800         7.93
GET       8.900         8.02
GET       9.000         8.09
GET       9.100         8.18
GET       9.200         8.27
GET       9.300         8.35
GET       9.400         8.45
GET       9.500         8.52
GET       9.600         8.58
GET       9.700         8.66
GET       9.800         8.74
GET       9.900         8.82
GET      10.000         9.28
GET      11.000        10.27
GET      12.000        11.85
GET      13.000        13.94
GET      14.000        17.30
GET      15.000        25.43
GET      16.000        44.65
GET      17.000        55.96
GET      18.000        59.73
GET      19.000        63.55
GET      20.000        66.19
GET      21.000        67.17
GET      22.000        67.84
GET      23.000        68.51
GET      24.000        69.39
GET      25.000        70.77
GET      26.000        72.92
GET      27.000        75.94
GET      28.000        78.40
GET      29.000        81.11
GET      30.000        85.31
GET      31.000        91.54
GET      32.000        93.86
GET      33.000        94.37
GET      34.000        94.74
GET      35.000        95.15
GET      36.000        95.35
GET      37.000        95.41
GET      38.000        95.46
GET      39.000        95.51
GET      40.000        95.58
GET      41.000        95.68
GET      42.000        95.82
GET      43.000        96.06
GET      44.000        96.39
GET      45.000        96.88
GET      46.000        97.39
GET      47.000        97.78
GET      48.000        97.89
GET      49.000        97.93
GET      50.000        98.00
GET      51.000        98.06
GET      52.000        98.08
GET      53.000        98.09
GET      54.000        98.10
GET      55.000        98.12
GET      56.000        98.14
GET      57.000        98.16
GET      58.000        98.20
GET      59.000        98.26
GET      60.000        98.35
GET      61.000        98.48
GET      62.000        98.62
GET      63.000        98.70
GET      64.000        98.72
GET      65.000        98.74
GET      66.000        98.76
GET      67.000        98.79
GET      68.000        98.80
GET      69.000        98.80
GET      70.000        98.80
GET      71.000        98.81
GET      72.000        98.81
GET      73.000        98.82
GET      74.000        98.84
GET      75.000        98.86
GET      76.000        98.89
GET      77.000        98.93
GET      78.000        98.97
GET      79.000        98.99
GET      80.000        99.01
GET      81.000        99.02
GET      82.000        99.04
GET      83.000        99.05
GET      84.000        99.05
GET      85.000        99.06
GET      86.000        99.07
GET      87.000        99.08
GET      88.000        99.09
GET      89.000        99.10
GET      90.000        99.11
GET      91.000        99.13
GET      92.000        99.16
GET      93.000        99.18
GET      94.000        99.21
GET      95.000        99.22
GET      96.000        99.24
GET      97.000        99.25
GET      98.000        99.26
GET      99.000        99.27
GET     100.000        99.30
GET     110.000        99.36
GET     120.000        99.38
GET     130.000        99.40
GET     140.000        99.43
GET     150.000        99.44
GET     160.000        99.46
GET     170.000        99.50
GET     180.000        99.53
GET     190.000        99.57
GET     200.000        99.59
GET     210.000        99.60
GET     220.000        99.61
GET     230.000        99.62
GET     240.000        99.63
GET     250.000        99.63
GET     260.000        99.64
GET     270.000        99.65
GET     280.000        99.66
GET     290.000        99.66
GET     300.000        99.67
GET     310.000        99.68
GET     320.000        99.68
GET     330.000        99.70
GET     340.000        99.71
GET     350.000        99.72
GET     360.000        99.73
GET     370.000        99.73
GET     380.000        99.73
GET     390.000        99.73
GET     400.000        99.74
GET     410.000        99.75
GET     420.000        99.76
GET     430.000        99.76
GET     450.000        99.76
GET     470.000        99.76
GET     480.000        99.77
GET     490.000        99.78
GET     500.000        99.80
GET     510.000        99.81
GET     520.000        99.83
GET     530.000        99.84
GET     540.000        99.85
GET     550.000        99.85
GET     560.000        99.85
GET     570.000        99.86
GET     580.000        99.86
GET     590.000        99.86
GET     600.000        99.87
GET     610.000        99.87
GET     620.000        99.88
GET     630.000        99.89
GET     640.000        99.89
GET     650.000        99.90
GET     660.000        99.91
GET     670.000        99.92
GET     680.000        99.92
GET     690.000        99.92
GET     700.000        99.93
GET     710.000        99.93
GET     720.000        99.94
GET     730.000        99.94
GET     740.000        99.94
GET     750.000        99.94
GET     760.000        99.95
GET     770.000        99.96
GET     780.000        99.96
GET     790.000        99.96
GET     810.000        99.97
GET     820.000        99.97
GET     830.000        99.97
GET     890.000        99.98
GET     900.000        99.98
GET     910.000        99.98
GET     920.000        99.99
GET     950.000        99.99
GET     970.000        99.99
GET     980.000        99.99
GET     990.000        99.99
GET    1000.000        99.99
GET    1100.000       100.00
GET    1700.000       100.00
---
